<?xml version="1.0" encoding="UTF-8"?>
<testng-results skipped="0" failed="0" total="1" passed="1">
  <reporter-output>
  </reporter-output>
  <suite name="Default suite" duration-ms="2456" started-at="2019-05-26T05:47:21Z" finished-at="2019-05-26T05:47:23Z">
    <groups>
    </groups>
    <test name="Default test" duration-ms="2456" started-at="2019-05-26T05:47:21Z" finished-at="2019-05-26T05:47:23Z">
      <class name="com.Authentic.Authentication">
        <test-method status="PASS" signature="preauth()[pri:0, instance:com.Authentic.Authentication@66d2e7d9]" name="preauth" duration-ms="2438" started-at="2019-05-26T06:47:21Z" finished-at="2019-05-26T06:47:23Z">
          <reporter-output>
          </reporter-output>
        </test-method> <!-- preauth -->
      </class> <!-- com.Authentic.Authentication -->
    </test> <!-- Default test -->
  </suite> <!-- Default suite -->
</testng-results>
